c:\users\softc\source\repos\artifitial_predictor\artifitial_predictor\x64\debug\vc142.pdb
c:\users\softc\source\repos\artifitial_predictor\artifitial_predictor\x64\debug\vc142.idb
c:\users\softc\source\repos\artifitial_predictor\artifitial_predictor\x64\debug\frames_analyzer.obj
c:\users\softc\source\repos\artifitial_predictor\artifitial_predictor\x64\debug\pdb.obj
c:\users\softc\source\repos\artifitial_predictor\artifitial_predictor\x64\debug\artifitial_predictor.obj
c:\users\softc\source\repos\artifitial_predictor\x64\debug\artifitial_predictor.exe
c:\users\softc\source\repos\artifitial_predictor\x64\debug\artifitial_predictor.ilk
c:\users\softc\source\repos\artifitial_predictor\x64\debug\artifitial_predictor.pdb
c:\users\softc\source\repos\artifitial_predictor\artifitial_predictor\x64\debug\artifiti.6e76494b.tlog\cl.command.1.tlog
c:\users\softc\source\repos\artifitial_predictor\artifitial_predictor\x64\debug\artifiti.6e76494b.tlog\cl.read.1.tlog
c:\users\softc\source\repos\artifitial_predictor\artifitial_predictor\x64\debug\artifiti.6e76494b.tlog\cl.write.1.tlog
c:\users\softc\source\repos\artifitial_predictor\artifitial_predictor\x64\debug\artifiti.6e76494b.tlog\link-cvtres.read.1.tlog
c:\users\softc\source\repos\artifitial_predictor\artifitial_predictor\x64\debug\artifiti.6e76494b.tlog\link-cvtres.write.1.tlog
c:\users\softc\source\repos\artifitial_predictor\artifitial_predictor\x64\debug\artifiti.6e76494b.tlog\link-rc.read.1.tlog
c:\users\softc\source\repos\artifitial_predictor\artifitial_predictor\x64\debug\artifiti.6e76494b.tlog\link-rc.write.1.tlog
c:\users\softc\source\repos\artifitial_predictor\artifitial_predictor\x64\debug\artifiti.6e76494b.tlog\link.13032-cvtres.read.1.tlog
c:\users\softc\source\repos\artifitial_predictor\artifitial_predictor\x64\debug\artifiti.6e76494b.tlog\link.13032-cvtres.write.1.tlog
c:\users\softc\source\repos\artifitial_predictor\artifitial_predictor\x64\debug\artifiti.6e76494b.tlog\link.13032-rc.read.1.tlog
c:\users\softc\source\repos\artifitial_predictor\artifitial_predictor\x64\debug\artifiti.6e76494b.tlog\link.13032-rc.write.1.tlog
c:\users\softc\source\repos\artifitial_predictor\artifitial_predictor\x64\debug\artifiti.6e76494b.tlog\link.13032.read.1.tlog
c:\users\softc\source\repos\artifitial_predictor\artifitial_predictor\x64\debug\artifiti.6e76494b.tlog\link.13032.write.1.tlog
c:\users\softc\source\repos\artifitial_predictor\artifitial_predictor\x64\debug\artifiti.6e76494b.tlog\link.command.1.tlog
c:\users\softc\source\repos\artifitial_predictor\artifitial_predictor\x64\debug\artifiti.6e76494b.tlog\link.read.1.tlog
c:\users\softc\source\repos\artifitial_predictor\artifitial_predictor\x64\debug\artifiti.6e76494b.tlog\link.write.1.tlog
